<?xml version="1.0" encoding="UTF-8"?>
<!-- Generated by org.testng.reporters.JUnitXMLReporter -->
<testsuite ignored="1" hostname="LTIN293420" failures="0" tests="6" name="Surefire test" time="1.601" errors="0" timestamp="2024-02-28T09:17:41 IST">
  <testcase classname="testBase.BaseClass" name="@BeforeTest setUp" time="-1.709092060392E9">
    <failure type="org.testng.TestNGException" message="
Parameter &amp;apos;browser&amp;apos; is required by BeforeTest on method setUp but has not been marked @Optional or defined
">
      <![CDATA[org.testng.TestNGException: 
Parameter 'browser' is required by BeforeTest on method setUp but has not been marked @Optional or defined

... Removed 26 stack frames]]>
    </failure>
  </testcase> <!-- @BeforeTest setUp -->
  <testcase classname="testCases.TC_001_HomePageTest" name="profileValidation" time="0.0">
    <skipped/>
  </testcase> <!-- profileValidation -->
  <testcase classname="testCases.TC_001_HomePageTest" name="headerPrint" time="0.0">
    <skipped/>
  </testcase> <!-- headerPrint -->
  <testcase classname="testCases.TC_001_HomePageTest" name="checkSubHeaderValidity" time="0.0">
    <skipped/>
  </testcase> <!-- checkSubHeaderValidity -->
  <testcase classname="testCases.TC_001_HomePageTest" name="clickSubHeaderValidity" time="0.0">
    <skipped/>
  </testcase> <!-- clickSubHeaderValidity -->
  <testcase classname="testCases.TC_002_EthicsandCompliancePageTest" name="verifyPage" time="0.0">
    <skipped/>
  </testcase> <!-- verifyPage -->
  <testcase classname="testCases.TC_002_EthicsandCompliancePageTest" name="getAllContent" time="0.0">
    <skipped/>
  </testcase> <!-- getAllContent -->
  <testcase classname="testBase.BaseClass" name="@BeforeTest setUp" time="0.0">
    <ignored/>
  </testcase> <!-- @BeforeTest setUp -->
</testsuite> <!-- Surefire test -->
