<?xml version="1.0" encoding="UTF-8"?>
<!-- Generated by org.testng.reporters.JUnitXMLReporter -->
<testsuite ignored="2" hostname="LTIN293420" failures="4" tests="6" name="Test" time="205.027" errors="0" timestamp="2024-02-28T12:55:19 IST">
  <testcase classname="testCases.TC_001_HomePageDDT" name="profileValidation" time="2.168"/>
  <testcase classname="testCases.TC_001_HomePageDDT" name="headerPrint" time="120.62">
    <failure type="java.lang.AssertionError" message="null">
      <![CDATA[java.lang.AssertionError: null
at testCases.TC_001_HomePageDDT.headerPrint(TC_001_HomePageDDT.java:55)
at java.base/java.util.ArrayList.forEach(ArrayList.java:1511)
... Removed 33 stack frames]]>
    </failure>
  </testcase> <!-- headerPrint -->
  <testcase classname="testCases.TC_001_HomePageDDT" name="checkSubHeaderValidity" time="10.263">
    <failure type="java.lang.AssertionError" message="expected [true] but found [false]">
      <![CDATA[java.lang.AssertionError: expected [true] but found [false]
at testCases.TC_001_HomePageDDT.checkSubHeaderValidity(TC_001_HomePageDDT.java:75)
at java.base/java.util.ArrayList.forEach(ArrayList.java:1511)
... Removed 35 stack frames]]>
    </failure>
  </testcase> <!-- checkSubHeaderValidity -->
  <testcase classname="testCases.TC_001_HomePageDDT" name="clickSubHeaderValidity" time="10.083">
    <failure type="java.lang.AssertionError" message="expected [true] but found [false]">
      <![CDATA[java.lang.AssertionError: expected [true] but found [false]
at testCases.TC_001_HomePageDDT.clickSubHeaderValidity(TC_001_HomePageDDT.java:100)
at java.base/java.util.ArrayList.forEach(ArrayList.java:1511)
... Removed 35 stack frames]]>
    </failure>
  </testcase> <!-- clickSubHeaderValidity -->
  <testcase classname="testCases.TC_002_EthicsandCompliancePageTest" name="verifyPage" time="0.052">
    <failure type="java.lang.AssertionError" message="expected [true] but found [false]">
      <![CDATA[java.lang.AssertionError: expected [true] but found [false]
at testCases.TC_002_EthicsandCompliancePageTest.verifyPage(TC_002_EthicsandCompliancePageTest.java:22)
at java.base/java.util.ArrayList.forEach(ArrayList.java:1511)
... Removed 35 stack frames]]>
    </failure>
  </testcase> <!-- verifyPage -->
  <testcase classname="testCases.TC_002_EthicsandCompliancePageTest" name="getAllContent" time="0.0">
    <skipped/>
  </testcase> <!-- getAllContent -->
  <testcase classname="testBase.BaseClass" name="@AfterTest tearDown" time="0.0">
    <ignored/>
  </testcase> <!-- @AfterTest tearDown -->
  <testcase classname="testBase.BaseClass" name="@BeforeTest setUp" time="0.0">
    <ignored/>
  </testcase> <!-- @BeforeTest setUp -->
</testsuite> <!-- Test -->
