<!DOCTYPE html PUBLIC "-//W3C//DTD XHTML 1.1//EN" "https://www.w3.org/TR/xhtml11/DTD/xhtml11.dtd">
<html xmlns="https://www.w3.org/1999/xhtml">
<head>
<meta http-equiv="content-type" content="text/html; charset=UTF-8"/>
<title>TestNG Report</title>
<style type="text/css">table {margin-bottom:10px;border-collapse:collapse;empty-cells:show}th,td {border:1px solid #009;padding:.25em .5em}th {vertical-align:bottom}td {vertical-align:top}table a {font-weight:bold}.stripe td {background-color: #E6EBF9}.num {text-align:right}.passedodd td {background-color: #3F3}.passedeven td {background-color: #0A0}.skippedodd td {background-color: #DDD}.skippedeven td {background-color: #CCC}.failedodd td,.attn {background-color: #F33}.failedeven td,.stripe .attn {background-color: #D00}.stacktrace {white-space:pre;font-family:monospace}.totop {font-size:85%;text-align:center;border-bottom:2px solid #000}.invisible {display:none}</style>
</head>
<body>
<table>
<tr><th>Test</th><th># Passed</th><th># Skipped</th><th># Retried</th><th># Failed</th><th>Time (ms)</th><th>Included Groups</th><th>Excluded Groups</th></tr>
<tr><th colspan="8">Suite</th></tr>
<tr><td><a href="#t0">Test</a></td><td class="num">1</td><td class="num attn">1</td><td class="num">0</td><td class="num attn">4</td><td class="num">205,027</td><td></td><td></td></tr>
</table>
<table id='summary'><thead><tr><th>Class</th><th>Method</th><th>Start</th><th>Time (ms)</th></tr></thead><tbody><tr><th colspan="4">Suite</th></tr></tbody><tbody id="t0"><tr><th colspan="4">Test &#8212; failed</th></tr><tr class="failedeven"><td rowspan="3">testCases.TC_001_HomePageDDT</td><td><a href="#m0">checkSubHeaderValidity</a></td><td rowspan="1">1709105094550</td><td rowspan="1">10263</td></tr><tr class="failedeven"><td><a href="#m1">clickSubHeaderValidity</a></td><td rowspan="1">1709105105263</td><td rowspan="1">10083</td></tr><tr class="failedeven"><td><a href="#m2">headerPrint</a></td><td rowspan="1">1709104973134</td><td rowspan="1">120620</td></tr><tr class="failedodd"><td rowspan="1">testCases.TC_002_EthicsandCompliancePageTest</td><td><a href="#m3">verifyPage</a></td><td rowspan="1">1709105115797</td><td rowspan="1">52</td></tr><tr><th colspan="4">Test &#8212; skipped</th></tr><tr class="skippedeven"><td rowspan="1">testCases.TC_002_EthicsandCompliancePageTest</td><td><a href="#m4">getAllContent</a></td><td rowspan="1">1709105116198</td><td rowspan="1">0</td></tr><tr><th colspan="4">Test &#8212; passed</th></tr><tr class="passedeven"><td rowspan="1">testCases.TC_001_HomePageDDT</td><td><a href="#m5">profileValidation</a></td><td rowspan="1">1709104970953</td><td rowspan="1">2168</td></tr></tbody>
</table>
<h2>Test</h2><h3 id="m0">testCases.TC_001_HomePageDDT#checkSubHeaderValidity</h3><table class="result"><tr class="param"><th>Parameter #1</th><th>Parameter #2</th></tr><tr class="param stripe"><td>Corporate Functions</td><td>Legal &amp; Corporate Affairs</td></tr><tr><th colspan="2">Exception</th></tr><tr><td colspan="2"><div class="stacktrace">java.lang.AssertionError: expected [true] but found [false]
	at testCases.TC_001_HomePageDDT.checkSubHeaderValidity(TC_001_HomePageDDT.java:75)
	at java.base/java.util.ArrayList.forEach(ArrayList.java:1511)
... Removed 35 stack frames</div></td></tr></table><p class="totop"><a href="#summary">back to summary</a></p>
<h3 id="m1">testCases.TC_001_HomePageDDT#clickSubHeaderValidity</h3><table class="result"><tr class="param"><th>Parameter #1</th></tr><tr class="param stripe"><td>Ethics and Compliance</td></tr><tr><th>Exception</th></tr><tr><td><div class="stacktrace">java.lang.AssertionError: expected [true] but found [false]
	at testCases.TC_001_HomePageDDT.clickSubHeaderValidity(TC_001_HomePageDDT.java:100)
	at java.base/java.util.ArrayList.forEach(ArrayList.java:1511)
... Removed 35 stack frames</div></td></tr></table><p class="totop"><a href="#summary">back to summary</a></p>
<h3 id="m2">testCases.TC_001_HomePageDDT#headerPrint</h3><table class="result"><tr><th>Exception</th></tr><tr><td><div class="stacktrace">java.lang.AssertionError: null
	at testCases.TC_001_HomePageDDT.headerPrint(TC_001_HomePageDDT.java:55)
	at java.base/java.util.ArrayList.forEach(ArrayList.java:1511)
... Removed 33 stack frames</div></td></tr></table><p class="totop"><a href="#summary">back to summary</a></p>
<h3 id="m3">testCases.TC_002_EthicsandCompliancePageTest#verifyPage</h3><table class="result"><tr class="param"><th>Parameter #1</th></tr><tr class="param stripe"><td>Ethics and Compliance</td></tr><tr><th>Exception</th></tr><tr><td><div class="stacktrace">java.lang.AssertionError: expected [true] but found [false]
	at testCases.TC_002_EthicsandCompliancePageTest.verifyPage(TC_002_EthicsandCompliancePageTest.java:22)
	at java.base/java.util.ArrayList.forEach(ArrayList.java:1511)
... Removed 35 stack frames</div></td></tr></table><p class="totop"><a href="#summary">back to summary</a></p>
<h3 id="m4">testCases.TC_002_EthicsandCompliancePageTest#getAllContent</h3><table class="result"><tr><th>Exception</th></tr><tr><td><div class="stacktrace">java.lang.Throwable: Method testCases.TC_002_EthicsandCompliancePageTest.getAllContent() on instance testCases.TC_002_EthicsandCompliancePageTest@dbf57b3 depends on not successfully finished methods 
[testCases.TC_002_EthicsandCompliancePageTest.verifyPage() on instance testCases.TC_002_EthicsandCompliancePageTest@dbf57b3]
	at java.base/java.util.ArrayList.forEach(ArrayList.java:1511)
... Removed 22 stack frames</div></td></tr></table><p class="totop"><a href="#summary">back to summary</a></p>
<h3 id="m5">testCases.TC_001_HomePageDDT#profileValidation</h3><table class="result"><tr class="param"><th>Parameter #1</th><th>Parameter #2</th></tr><tr class="param stripe"><td>Das, Parag (Cognizant)</td><td>2308358@cognizant.com</td></tr></table><p class="totop"><a href="#summary">back to summary</a></p>
</body>
</html>
